2022-02-14 10:02:03 CET:grace_p2p_client:INFO:loading ctx from store.json
2022-02-14 10:02:03 CET:grace_p2p_client:INFO:starting aNetworkId: 1CF094259E06664DA5504A5E1C551759 aNodeId: 1d37319760cfbc42b559833448f60ba6
2022-02-14 10:02:03 CET:grace_p2p_client:INFO:listening on 0.0.0.0:52829
2022-02-14 10:02:03 CET:grace_p2p_client:INFO:starting received thread
2022-02-14 10:02:03 CET:grace_p2p_client:INFO:NodePktHeader(bKey=0x80, bVersion=0x37, aNetworkId=1cf094259e06664da5504a5e1c551759, aNodeId=1d37319760cfbc42b559833448f60ba6, bFrameId=0x7, dwWaterMark=0x5f464, dwCrc32=0x0)
2022-02-14 10:02:03 CET:grace_p2p_client:INFO:NodePktInvitation(hdr=NodePktDataHeader(bCmdId=0x1, dwSessionId=0x5f464), aInvitationId=e1bce7bc8cd00f438889122eebc7d329, aNodeId=1d37319760cfbc42b559833448f60ba6, wNodeBindedPort=0xce5d)
2022-02-14 10:02:03 CET:grace_p2p_client:INFO:NodePktHeader(bKey=0x80, bVersion=0x37, aNetworkId=1cf094259e06664da5504a5e1c551759, aNodeId=1d37319760cfbc42b559833448f60ba6, bFrameId=0x7, dwWaterMark=0x5f464, dwCrc32=0x0)
2022-02-14 10:02:03 CET:grace_p2p_client:INFO:NodePktInvitation(hdr=NodePktDataHeader(bCmdId=0x1, dwSessionId=0x5f464), aInvitationId=e1bce7bc8cd00f438889122eebc7d329, aNodeId=1d37319760cfbc42b559833448f60ba6, wNodeBindedPort=0xce5d)
2022-02-14 10:02:03 CET:grace_p2p_client:INFO:NodePktHeader(bKey=0x80, bVersion=0x37, aNetworkId=1cf094259e06664da5504a5e1c551759, aNodeId=1d37319760cfbc42b559833448f60ba6, bFrameId=0x7, dwWaterMark=0x5f464, dwCrc32=0x0)
2022-02-14 10:02:03 CET:grace_p2p_client:INFO:NodePktInvitation(hdr=NodePktDataHeader(bCmdId=0x1, dwSessionId=0x5f464), aInvitationId=e1bce7bc8cd00f438889122eebc7d329, aNodeId=1d37319760cfbc42b559833448f60ba6, wNodeBindedPort=0xce5d)
2022-02-14 10:02:03 CET:grace_p2p_client:INFO:NodePktHeader(bKey=0x80, bVersion=0x37, aNetworkId=1cf094259e06664da5504a5e1c551759, aNodeId=1d37319760cfbc42b559833448f60ba6, bFrameId=0x7, dwWaterMark=0x5f464, dwCrc32=0x0)
2022-02-14 10:02:03 CET:grace_p2p_client:INFO:NodePktInvitation(hdr=NodePktDataHeader(bCmdId=0x1, dwSessionId=0x5f464), aInvitationId=e1bce7bc8cd00f438889122eebc7d329, aNodeId=1d37319760cfbc42b559833448f60ba6, wNodeBindedPort=0xce5d)
2022-02-14 10:02:03 CET:grace_p2p_client:INFO:NodePktHeader(bKey=0x80, bVersion=0x37, aNetworkId=1cf094259e06664da5504a5e1c551759, aNodeId=1d37319760cfbc42b559833448f60ba6, bFrameId=0x7, dwWaterMark=0x5f464, dwCrc32=0x0)
2022-02-14 10:02:03 CET:grace_p2p_client:INFO:NodePktInvitation(hdr=NodePktDataHeader(bCmdId=0x1, dwSessionId=0x5f464), aInvitationId=e1bce7bc8cd00f438889122eebc7d329, aNodeId=1d37319760cfbc42b559833448f60ba6, wNodeBindedPort=0xce5d)
2022-02-14 10:02:03 CET:grace_p2p_client:INFO:NodePktHeader(bKey=0x80, bVersion=0x37, aNetworkId=1cf094259e06664da5504a5e1c551759, aNodeId=1d37319760cfbc42b559833448f60ba6, bFrameId=0x7, dwWaterMark=0x5f464, dwCrc32=0x0)
2022-02-14 10:02:03 CET:grace_p2p_client:INFO:NodePktInvitation(hdr=NodePktDataHeader(bCmdId=0x1, dwSessionId=0x5f464), aInvitationId=e1bce7bc8cd00f438889122eebc7d329, aNodeId=1d37319760cfbc42b559833448f60ba6, wNodeBindedPort=0xce5d)
2022-02-14 10:02:03 CET:grace_p2p_client:INFO:NodePktHeader(bKey=0x80, bVersion=0x37, aNetworkId=1cf094259e06664da5504a5e1c551759, aNodeId=1d37319760cfbc42b559833448f60ba6, bFrameId=0x7, dwWaterMark=0x5f464, dwCrc32=0x0)
2022-02-14 10:02:03 CET:grace_p2p_client:INFO:NodePktInvitation(hdr=NodePktDataHeader(bCmdId=0x1, dwSessionId=0x5f464), aInvitationId=e1bce7bc8cd00f438889122eebc7d329, aNodeId=1d37319760cfbc42b559833448f60ba6, wNodeBindedPort=0xce5d)
2022-02-14 10:02:03 CET:grace_p2p_client:INFO:NodePktHeader(bKey=0x80, bVersion=0x37, aNetworkId=1cf094259e06664da5504a5e1c551759, aNodeId=1d37319760cfbc42b559833448f60ba6, bFrameId=0x7, dwWaterMark=0x5f464, dwCrc32=0x0)
2022-02-14 10:02:03 CET:grace_p2p_client:INFO:NodePktInvitation(hdr=NodePktDataHeader(bCmdId=0x1, dwSessionId=0x5f464), aInvitationId=e1bce7bc8cd00f438889122eebc7d329, aNodeId=1d37319760cfbc42b559833448f60ba6, wNodeBindedPort=0xce5d)
2022-02-14 10:02:03 CET:grace_p2p_client:INFO:NodePktHeader(bKey=0x80, bVersion=0x37, aNetworkId=1cf094259e06664da5504a5e1c551759, aNodeId=1d37319760cfbc42b559833448f60ba6, bFrameId=0x7, dwWaterMark=0x5f464, dwCrc32=0x0)
2022-02-14 10:02:03 CET:grace_p2p_client:INFO:NodePktInvitation(hdr=NodePktDataHeader(bCmdId=0x1, dwSessionId=0x5f464), aInvitationId=e1bce7bc8cd00f438889122eebc7d329, aNodeId=1d37319760cfbc42b559833448f60ba6, wNodeBindedPort=0xce5d)
2022-02-14 10:02:03 CET:grace_p2p_client:INFO:NodePktHeader(bKey=0x80, bVersion=0x37, aNetworkId=1cf094259e06664da5504a5e1c551759, aNodeId=1d37319760cfbc42b559833448f60ba6, bFrameId=0x7, dwWaterMark=0x5f464, dwCrc32=0x0)
2022-02-14 10:02:03 CET:grace_p2p_client:INFO:NodePktInvitation(hdr=NodePktDataHeader(bCmdId=0x1, dwSessionId=0x5f464), aInvitationId=e1bce7bc8cd00f438889122eebc7d329, aNodeId=1d37319760cfbc42b559833448f60ba6, wNodeBindedPort=0xce5d)
2022-02-14 10:02:13 CET:grace_p2p_client:INFO:NodePktHeader(bKey=0x80, bVersion=0x37, aNetworkId=1cf094259e06664da5504a5e1c551759, aNodeId=1d37319760cfbc42b559833448f60ba6, bFrameId=0x7, dwWaterMark=0x5f46e, dwCrc32=0x0)
2022-02-14 10:02:13 CET:grace_p2p_client:INFO:NodePktRecord(hdr=NodePktDataHeader(bCmdId=0x9, dwSessionId=0x5f46e), aRecordId=bbbd9035b2a3ce4fb2a563f5fc6572df)
2022-02-14 10:02:13 CET:grace_p2p_client:INFO:45.129.137.237:33964 | send | size 72 | 80379c7014a51e86e6cd25d0cade9cd597d99db7b117e04f3cc235d903b4c8768b2607ee7485804aa566ac15000000520fbd1a89ee7485803b3d10b532234ecf3225e3757ce5f25f
2022-02-14 10:07:58 CET:grace_p2p_client:INFO:saving ctx to to store.json
2022-02-14 10:07:58 CET:grace_p2p_client:INFO:stopping bot
